c:\users\student\documents\mmiddleton\hyperdev-ai-for-games\gameai\steering\debug\vc141.pdb
c:\users\student\documents\mmiddleton\hyperdev-ai-for-games\gameai\steering\debug\vc141.idb
c:\users\student\documents\mmiddleton\hyperdev-ai-for-games\gameai\steering\debug\dynamicarrivesteering.obj
c:\users\student\documents\mmiddleton\hyperdev-ai-for-games\gameai\steering\debug\dynamicseeksteering.obj
c:\users\student\documents\mmiddleton\hyperdev-ai-for-games\gameai\steering\debug\game.obj
c:\users\student\documents\mmiddleton\hyperdev-ai-for-games\gameai\steering\debug\gamemessage.obj
c:\users\student\documents\mmiddleton\hyperdev-ai-for-games\gameai\steering\debug\gamemessagemanager.obj
c:\users\student\documents\mmiddleton\hyperdev-ai-for-games\gameai\steering\debug\graphicsbuffer.obj
c:\users\student\documents\mmiddleton\hyperdev-ai-for-games\gameai\steering\debug\graphicsbuffermanager.obj
c:\users\student\documents\mmiddleton\hyperdev-ai-for-games\gameai\steering\debug\graphicssystem.obj
c:\users\student\documents\mmiddleton\hyperdev-ai-for-games\gameai\steering\debug\kinematic.obj
c:\users\student\documents\mmiddleton\hyperdev-ai-for-games\gameai\steering\debug\kinematicarrivesteering.obj
c:\users\student\documents\mmiddleton\hyperdev-ai-for-games\gameai\steering\debug\kinematicseeksteering.obj
c:\users\student\documents\mmiddleton\hyperdev-ai-for-games\gameai\steering\debug\kinematicunit.obj
c:\users\student\documents\mmiddleton\hyperdev-ai-for-games\gameai\steering\debug\kinematicwandersteering.obj
c:\users\student\documents\mmiddleton\hyperdev-ai-for-games\gameai\steering\debug\main.obj
c:\users\student\documents\mmiddleton\hyperdev-ai-for-games\gameai\steering\debug\playermovetomessage.obj
c:\users\student\documents\mmiddleton\hyperdev-ai-for-games\gameai\steering\debug\sprite.obj
c:\users\student\documents\mmiddleton\hyperdev-ai-for-games\gameai\steering\debug\spritemanager.obj
c:\users\student\documents\mmiddleton\hyperdev-ai-for-games\gameai\steering\debug\steering.obj
c:\users\student\documents\mmiddleton\hyperdev-ai-for-games\gameai\steering\debug\steering.pdb
c:\users\student\documents\mmiddleton\hyperdev-ai-for-games\gameai\steering\debug\steering.tlog\cl.command.1.tlog
c:\users\student\documents\mmiddleton\hyperdev-ai-for-games\gameai\steering\debug\steering.tlog\cl.read.1.tlog
c:\users\student\documents\mmiddleton\hyperdev-ai-for-games\gameai\steering\debug\steering.tlog\cl.write.1.tlog
c:\users\student\documents\mmiddleton\hyperdev-ai-for-games\gameai\steering\debug\steering.tlog\link-cvtres.read.1.tlog
c:\users\student\documents\mmiddleton\hyperdev-ai-for-games\gameai\steering\debug\steering.tlog\link-cvtres.write.1.tlog
c:\users\student\documents\mmiddleton\hyperdev-ai-for-games\gameai\steering\debug\steering.tlog\link-rc.read.1.tlog
c:\users\student\documents\mmiddleton\hyperdev-ai-for-games\gameai\steering\debug\steering.tlog\link-rc.write.1.tlog
c:\users\student\documents\mmiddleton\hyperdev-ai-for-games\gameai\steering\debug\steering.tlog\link.command.1.tlog
c:\users\student\documents\mmiddleton\hyperdev-ai-for-games\gameai\steering\debug\steering.tlog\link.read.1.tlog
c:\users\student\documents\mmiddleton\hyperdev-ai-for-games\gameai\steering\debug\steering.tlog\link.write.1.tlog
