  WanderSeekFlee.cpp
  Steering.cpp
  SpriteManager.cpp
  Sprite.cpp
  UnitManager.cpp
  PlayerMoveToMessage.cpp
  main.cpp
  KinematicWanderSteering.cpp
  KinematicUnit.cpp
  KinematicSeekSteering.cpp
  KinematicArriveSteering.cpp
  Kinematic.cpp
  InputManager.cpp
  GraphicsSystem.cpp
  GraphicsBufferManager.cpp
  GraphicsBuffer.cpp
  GameMessageManager.cpp
  GameMessage.cpp
  Game.cpp
  DynamicSeekSteering.cpp
  Generating Code...
  Compiling...
  DynamicArriveSteering.cpp
  Collider.cpp
f:\documents\champlain\classes\egp-410\gameai\steering\collider.cpp(20): warning C4018: '<': signed/unsigned mismatch
  Generating Code...
Collider.obj : warning LNK4075: ignoring '/EDITANDCONTINUE' due to '/SAFESEH' specification
  water.vcxproj -> F:\Documents\Champlain\Classes\EGP-410\GameAI\steering\Debug\steering.exe
  water.vcxproj -> F:\Documents\Champlain\Classes\EGP-410\GameAI\steering\Debug\steering.pdb (Full PDB)
