f:\documents\champlain\classes\egp-410\gameai\pathfinding\pathfinding\game\debug\vc141.pdb
f:\documents\champlain\classes\egp-410\gameai\pathfinding\pathfinding\game\debug\vc141.idb
f:\documents\champlain\classes\egp-410\gameai\pathfinding\pathfinding\game\debug\connection.obj
f:\documents\champlain\classes\egp-410\gameai\pathfinding\pathfinding\game\debug\debugdisplay.obj
f:\documents\champlain\classes\egp-410\gameai\pathfinding\pathfinding\game\debug\depthfirstpathfinder.obj
f:\documents\champlain\classes\egp-410\gameai\pathfinding\pathfinding\game\debug\gameapp.obj
f:\documents\champlain\classes\egp-410\gameai\pathfinding\pathfinding\game\debug\gamemessage.obj
f:\documents\champlain\classes\egp-410\gameai\pathfinding\pathfinding\game\debug\gamemessagemanager.obj
f:\documents\champlain\classes\egp-410\gameai\pathfinding\pathfinding\game\debug\graph.obj
f:\documents\champlain\classes\egp-410\gameai\pathfinding\pathfinding\game\debug\gridgraph.obj
f:\documents\champlain\classes\egp-410\gameai\pathfinding\pathfinding\game\debug\gridpathfinder.obj
f:\documents\champlain\classes\egp-410\gameai\pathfinding\pathfinding\game\debug\main.obj
f:\documents\champlain\classes\egp-410\gameai\pathfinding\pathfinding\game\debug\node.obj
f:\documents\champlain\classes\egp-410\gameai\pathfinding\pathfinding\game\debug\path.obj
f:\documents\champlain\classes\egp-410\gameai\pathfinding\pathfinding\game\debug\pathfinder.obj
f:\documents\champlain\classes\egp-410\gameai\pathfinding\pathfinding\game\debug\pathfindingdebugcontent.obj
f:\documents\champlain\classes\egp-410\gameai\pathfinding\pathfinding\game\debug\pathtomessage.obj
f:\documents\champlain\classes\egp-410\gameai\pathfinding\pathfinding\game\debug\game.tlog\cl.read.1.tlog
f:\documents\champlain\classes\egp-410\gameai\pathfinding\pathfinding\game\debug\game.tlog\cl.write.1.tlog
f:\documents\champlain\classes\egp-410\gameai\pathfinding\pathfinding\game\debug\game.tlog\cl.command.1.tlog
f:\documents\champlain\classes\egp-410\gameai\pathfinding\pathfinding\game\debug\game.tlog\link.read.1.tlog
f:\documents\champlain\classes\egp-410\gameai\pathfinding\pathfinding\game\debug\game.tlog\link.write.1.tlog
f:\documents\champlain\classes\egp-410\gameai\pathfinding\pathfinding\game\debug\game.tlog\link.command.1.tlog
